<?xml version="1.0" encoding="UTF-8"?>
<!-- Generated by org.testng.reporters.JUnitXMLReporter -->
<testsuite ignored="1" hostname="DESKTOP-310KIF9" failures="0" tests="3" name="Default test" time="59.544" errors="0" timestamp="10 Oct 2019 08:05:32 GMT">
  <testcase classname="Challenge.Selenium.TestCase.TC005_WoodLand" name="TestFireFox" time="4.861"/>
  <testcase classname="Challenge.Selenium.TestCase.TC005_WoodLand" name="TestFireFox" time="4.628"/>
  <testcase classname="Challenge.Selenium.TestCase.TC005_WoodLand" name="TestFireFox" time="4.641"/>
  <testcase classname="Challenge.Selenium.TestCase.TC005_WoodLand" name="verifyWoodLand" time="0.0">
    <ignored/>
  </testcase> <!-- verifyWoodLand -->
</testsuite> <!-- Default test -->
