<?xml version="1.0" encoding="UTF-8"?>
<testng-results ignored="1" total="4" passed="3" failed="0" skipped="0">
  <reporter-output>
  </reporter-output>
  <suite started-at="2019-10-10T11:01:18Z" name="Command line suite" finished-at="2019-10-10T11:02:51Z" duration-ms="93400">
    <groups>
    </groups>
    <test started-at="2019-10-10T11:01:18Z" name="Command line test" finished-at="2019-10-10T11:02:51Z" duration-ms="93400">
      <class name="Challenge.Selenium.TestCase.TC005_WoodLand">
        <test-method is-config="true" signature="setup()[pri:0, instance:Challenge.Selenium.TestCase.TC005_WoodLand@7757025d]" started-at="2019-10-10T16:31:18Z" name="setup" finished-at="2019-10-10T16:31:35Z" duration-ms="16391" status="PASS">
          <reporter-output>
          </reporter-output>
        </test-method> <!-- setup -->
        <test-method signature="TestFireFox(java.lang.String)[pri:2, instance:Challenge.Selenium.TestCase.TC005_WoodLand@7757025d]" started-at="2019-10-10T16:31:35Z" name="TestFireFox" data-provider="testdata" finished-at="2019-10-10T16:31:41Z" duration-ms="6573" status="PASS">
          <params>
            <param index="0">
              <value>
                <![CDATA[Bags]]>
              </value>
            </param>
          </params>
          <reporter-output>
          </reporter-output>
        </test-method> <!-- TestFireFox -->
        <test-method is-config="true" signature="endTest()[pri:0, instance:Challenge.Selenium.TestCase.TC005_WoodLand@7757025d]" started-at="2019-10-10T16:31:41Z" name="endTest" finished-at="2019-10-10T16:31:42Z" duration-ms="770" status="PASS">
          <reporter-output>
          </reporter-output>
        </test-method> <!-- endTest -->
        <test-method is-config="true" signature="setup()[pri:0, instance:Challenge.Selenium.TestCase.TC005_WoodLand@7757025d]" started-at="2019-10-10T16:31:42Z" name="setup" finished-at="2019-10-10T16:32:01Z" duration-ms="18688" status="PASS">
          <reporter-output>
          </reporter-output>
        </test-method> <!-- setup -->
        <test-method signature="TestFireFox(java.lang.String)[pri:2, instance:Challenge.Selenium.TestCase.TC005_WoodLand@7757025d]" started-at="2019-10-10T16:32:01Z" name="TestFireFox" data-provider="testdata" finished-at="2019-10-10T16:32:19Z" duration-ms="18036" status="PASS">
          <params>
            <param index="0">
              <value>
                <![CDATA[Shoes]]>
              </value>
            </param>
          </params>
          <reporter-output>
          </reporter-output>
        </test-method> <!-- TestFireFox -->
        <test-method is-config="true" signature="endTest()[pri:0, instance:Challenge.Selenium.TestCase.TC005_WoodLand@7757025d]" started-at="2019-10-10T16:32:19Z" name="endTest" finished-at="2019-10-10T16:32:20Z" duration-ms="769" status="PASS">
          <reporter-output>
          </reporter-output>
        </test-method> <!-- endTest -->
        <test-method is-config="true" signature="setup()[pri:0, instance:Challenge.Selenium.TestCase.TC005_WoodLand@7757025d]" started-at="2019-10-10T16:32:20Z" name="setup" finished-at="2019-10-10T16:32:39Z" duration-ms="19770" status="PASS">
          <reporter-output>
          </reporter-output>
        </test-method> <!-- setup -->
        <test-method signature="TestFireFox(java.lang.String)[pri:2, instance:Challenge.Selenium.TestCase.TC005_WoodLand@7757025d]" started-at="2019-10-10T16:32:39Z" name="TestFireFox" data-provider="testdata" finished-at="2019-10-10T16:32:50Z" duration-ms="11025" status="PASS">
          <params>
            <param index="0">
              <value>
                <![CDATA[Tshirts]]>
              </value>
            </param>
          </params>
          <reporter-output>
          </reporter-output>
        </test-method> <!-- TestFireFox -->
        <test-method is-config="true" signature="endTest()[pri:0, instance:Challenge.Selenium.TestCase.TC005_WoodLand@7757025d]" started-at="2019-10-10T16:32:50Z" name="endTest" finished-at="2019-10-10T16:32:51Z" duration-ms="783" status="PASS">
          <reporter-output>
          </reporter-output>
        </test-method> <!-- endTest -->
      </class> <!-- Challenge.Selenium.TestCase.TC005_WoodLand -->
    </test> <!-- Command line test -->
  </suite> <!-- Command line suite -->
</testng-results>
