<?xml version="1.0" encoding="UTF-8"?>
<!-- Generated by org.testng.reporters.JUnitXMLReporter -->
<testsuite ignored="1" hostname="DESKTOP-310KIF9" failures="0" tests="3" name="Command line test" time="93.4" errors="0" timestamp="10 Oct 2019 11:02:51 GMT">
  <testcase classname="Challenge.Selenium.TestCase.TC005_WoodLand" name="TestFireFox" time="6.573"/>
  <testcase classname="Challenge.Selenium.TestCase.TC005_WoodLand" name="TestFireFox" time="18.036"/>
  <testcase classname="Challenge.Selenium.TestCase.TC005_WoodLand" name="TestFireFox" time="11.025"/>
  <testcase classname="Challenge.Selenium.TestCase.TC005_WoodLand" name="verifyWoodLand" time="0.0">
    <ignored/>
  </testcase> <!-- verifyWoodLand -->
</testsuite> <!-- Command line test -->
